<?xml version="1.0" encoding="UTF-8"?>
<!-- Generated by org.testng.reporters.JUnitXMLReporter -->
<testsuite ignored="0" hostname="DEMON-PC" failures="2" tests="6" name="Test" time="81.306" errors="0" timestamp="2024-08-22T22:52:17 IST">
  <testcase classname="testCases.TC003_LoginDDT" name="verify_loginDDT" time="4.594"/>
  <testcase classname="testCases.TC003_LoginDDT" name="verify_loginDDT" time="12.068"/>
  <testcase classname="testCases.TC003_LoginDDT" name="verify_loginDDT" time="14.492"/>
  <testcase classname="testCases.TC003_LoginDDT" name="verify_loginDDT" time="11.836"/>
  <testcase classname="testCases.TC003_LoginDDT" name="verify_loginDDT" time="14.839">
    <failure type="java.lang.AssertionError" message="expected [true] but found [false]">
      <![CDATA[java.lang.AssertionError: expected [true] but found [false]
at testCases.TC003_LoginDDT.verify_loginDDT(TC003_LoginDDT.java:42)
at java.base/java.util.ArrayList.forEach(ArrayList.java:1597)
... Removed 29 stack frames]]>
    </failure>
  </testcase> <!-- verify_loginDDT -->
  <testcase classname="testCases.TC003_LoginDDT" name="verify_loginDDT" time="12.485">
    <failure type="java.lang.AssertionError" message="expected [true] but found [false]">
      <![CDATA[java.lang.AssertionError: expected [true] but found [false]
at testCases.TC003_LoginDDT.verify_loginDDT(TC003_LoginDDT.java:42)
at java.base/java.util.ArrayList.forEach(ArrayList.java:1597)
... Removed 29 stack frames]]>
    </failure>
  </testcase> <!-- verify_loginDDT -->
</testsuite> <!-- Test -->
