<?xml version="1.0" encoding="UTF-8"?>
<testng-results ignored="0" total="1" passed="1" failed="0" skipped="0">
  <reporter-output>
  </reporter-output>
  <suite started-at="2024-08-20T20:18:07 IST" name="Suite" finished-at="2024-08-20T20:18:22 IST" duration-ms="14815">
    <groups>
    </groups>
    <test started-at="2024-08-20T20:18:07 IST" name="Test" finished-at="2024-08-20T20:18:22 IST" duration-ms="14815">
      <class name="testCases.TC001_AccountRegistrationTest">
        <test-method is-config="true" signature="setup(java.lang.String,java.lang.String)[pri:0, instance:testCases.TC001_AccountRegistrationTest@609e8838]" started-at="2024-08-20T20:18:07 IST" name="setup" finished-at="2024-08-20T20:18:16 IST" duration-ms="9105" status="PASS">
          <params>
            <param index="0">
              <value>
                <![CDATA[Windows]]>
              </value>
            </param>
            <param index="1">
              <value>
                <![CDATA[chrome]]>
              </value>
            </param>
          </params>
          <reporter-output>
          </reporter-output>
        </test-method> <!-- setup -->
        <test-method signature="verify_account_registration()[pri:0, instance:testCases.TC001_AccountRegistrationTest@609e8838]" started-at="2024-08-20T20:18:16 IST" name="verify_account_registration" finished-at="2024-08-20T20:18:22 IST" duration-ms="5210" status="PASS">
          <reporter-output>
          </reporter-output>
        </test-method> <!-- verify_account_registration -->
        <test-method is-config="true" signature="tearDown()[pri:0, instance:testCases.TC001_AccountRegistrationTest@609e8838]" started-at="2024-08-20T20:18:22 IST" name="tearDown" finished-at="2024-08-20T20:18:22 IST" duration-ms="406" status="PASS">
          <reporter-output>
          </reporter-output>
        </test-method> <!-- tearDown -->
      </class> <!-- testCases.TC001_AccountRegistrationTest -->
    </test> <!-- Test -->
  </suite> <!-- Suite -->
</testng-results>
